\BOOKMARK [0][-]{chapter.1}{\376\377\000\332\000v\000o\000d}{}% 1
\BOOKMARK [0][-]{chapter.1}{\376\377\000\332\000v\000o\000d}{}% 2
\BOOKMARK [1][-]{section.1.1}{\376\377\000P\000o\001\176\000i\000a\000d\000a\000v\000k\000y\000\040\000n\000a\000\040\000s\000y\000s\000t\000\351\000m}{chapter.1}% 3
\BOOKMARK [1][-]{section.1.2}{\376\377\000Z\000h\000r\000n\000u\000t\000i\000e}{chapter.1}% 4
\BOOKMARK [0][-]{chapter.2}{\376\377\000N\000\341\000v\000r\000h\000\040\000s\000y\000s\000t\000\351\000m\000u}{}% 5
\BOOKMARK [1][-]{section.2.1}{\376\377\000S\000p\000l\000n\000e\000n\000i\000e\000\040\000P\0002\000\040\000a\000\040\000P\0003}{chapter.2}% 6
\BOOKMARK [1][-]{section.2.2}{\376\377\000S\000p\000l\000n\000e\000n\000i\000e\000\040\000P\0004}{chapter.2}% 7
\BOOKMARK [1][-]{section.2.3}{\376\377\000S\000p\000l\000n\000e\000n\000i\000e\000\040\000P\0005}{chapter.2}% 8
\BOOKMARK [1][-]{section.2.4}{\376\377\000S\000p\000l\000n\000e\000n\000i\000e\000\040\000P\0006}{chapter.2}% 9
\BOOKMARK [1][-]{section.2.5}{\376\377\000S\000p\000l\000n\000e\000n\000i\000e\000\040\000P\0007}{chapter.2}% 10
\BOOKMARK [1][-]{section.2.6}{\376\377\000S\000p\000l\000n\000e\000n\000i\000e\000\040\000P\0008}{chapter.2}% 11
\BOOKMARK [1][-]{section.2.7}{\376\377\000S\000p\000l\000n\000e\000n\000i\000e\000\040\000P\0009}{chapter.2}% 12
\BOOKMARK [1][-]{section.2.8}{\376\377\000S\000p\000l\000n\000e\000n\000i\000e\000\040\000P\0001\000\040\000a\000\040\000s\000p\000r\000\341\000v\000y\000\040\000p\000r\000e\000d\000m\000e\000t\000o\000v}{chapter.2}% 13
\BOOKMARK [1][-]{section.2.9}{\376\377\000V\000\375\000b\000e\000r\000\040\000j\000a\000z\000y\000k\000a\000\040\000a\000\040\000f\000r\000a\000m\000e\000w\000o\000r\000k\000u}{chapter.2}% 14
\BOOKMARK [0][-]{chapter.3}{\376\377\000A\000n\000a\000l\000\375\000z\000a\000\040\000z\000a\000d\000a\000n\000i\000a}{}% 15
\BOOKMARK [1][-]{section.3.1}{\376\377\000V\000o\001\076\000b\000a\000\040\000t\000y\000p\000u\000\040\000a\000p\000l\000i\000k\000\341\000c\000i\000e\000,\000\040\000j\000a\000z\000y\000k\000a\000\040\000a\000\040\000f\000r\000a\000m\000e\000w\000o\000r\000k\000u}{chapter.3}% 16
\BOOKMARK [1][-]{section.3.2}{\376\377\000N\000\341\000v\000r\000h\000\040\000s\000y\000s\000t\000\351\000m\000u}{chapter.3}% 17
\BOOKMARK [1][-]{section.3.3}{\376\377\000V\000o\001\076\000b\000a\000\040\000d\000a\000t\000a\000b\000\341\000z\000y}{chapter.3}% 18
\BOOKMARK [2][-]{subsection.3.3.1}{\376\377\000N\000\341\000v\000r\000h\000\040\000r\000e\000l\000a\001\015\000n\000\351\000h\000o\000\040\000m\000o\000d\000e\000l\000u\000\040\000d\000a\000t\000a\000b\000\341\000z\000y}{section.3.3}% 19
\BOOKMARK [2][-]{subsection.3.3.2}{\376\377\000V\000o\001\076\000b\000a\000\040\000t\000y\000p\000u\000\040\000d\000a\000t\000a\000b\000\341\000z\000y\000\040\000a\000\040\000d\000a\000t\000a\000b\000\341\000z\000o\000v\000\351\000h\000o\000\040\000s\000e\000r\000v\000e\000r\000a}{section.3.3}% 20
\BOOKMARK [2][-]{subsection.3.3.3}{\376\377\000O\000R\000M}{section.3.3}% 21
\BOOKMARK [1][-]{section.3.4}{\376\377\000A\000u\000k\000c\000i\000a\000-\000\040\000o\000d\000p\000o\001\015\000e\000t\000\040\000a\000\040\000v\000y\000h\000o\000d\000n\000o\000c\000o\000v\000a\000n\000i\000e}{chapter.3}% 22
\BOOKMARK [1][-]{section.3.5}{\376\377\000P\000o\000s\000i\000e\000l\000a\000n\000i\000e\000\040\000a\000\040\000p\000r\000i\000j\000\355\000m\000a\000n\000i\000e\000\040\000s\000p\000r\000\341\000v}{chapter.3}% 23
\BOOKMARK [2][-]{subsection.3.5.1}{\376\377\000A\000u\000t\000o\000m\000a\000t\000i\000c\000k\000y\000\040\000g\000e\000n\000e\000r\000o\000v\000a\000n\000\351\000\040\000s\000p\000r\000\341\000v\000y}{section.3.5}% 24
\BOOKMARK [0][-]{chapter.4}{\376\377\000V\000\375\000v\000o\000j\000o\000v\000\341\000\040\000d\000o\000k\000u\000m\000e\000n\000t\000\341\000c\000i\000a}{}% 25
\BOOKMARK [1][-]{section.4.1}{\376\377\000S\000e\000r\000v\000I\000S\000D\000a\000t\000a}{chapter.4}% 26
\BOOKMARK [2][-]{subsection.4.1.1}{\376\377\000K\000o\000r\000e\001\110\000o\000v\000\375\000\040\000p\000r\000i\000e\001\015\000i\000n\000o\000k\000\040\000p\000r\000o\000j\000e\000k\000t\000u}{section.4.1}% 27
\BOOKMARK [2][-]{subsection.4.1.2}{\376\377\000A\000t\000t\000r\000i\000b\000u\000t\000e\000s}{section.4.1}% 28
\BOOKMARK [2][-]{subsection.4.1.3}{\376\377\000D\000a\000t\000a\000O\000p\000e\000r\000a\000t\000i\000o\000n\000s}{section.4.1}% 29
\BOOKMARK [2][-]{subsection.4.1.4}{\376\377\000I\000n\000t\000e\000r\000f\000a\000c\000e\000s}{section.4.1}% 30
\BOOKMARK [2][-]{subsection.4.1.5}{\376\377\000M\000i\000g\000r\000a\000t\000i\000o\000n\000s}{section.4.1}% 31
\BOOKMARK [2][-]{subsection.4.1.6}{\376\377\000M\000o\000d\000e\000l\000s}{section.4.1}% 32
\BOOKMARK [1][-]{section.4.2}{\376\377\000S\000e\000r\000v\000I\000S\000W\000e\000b\000A\000p\000p}{chapter.4}% 33
\BOOKMARK [2][-]{subsection.4.2.1}{\376\377\000K\000o\000r\000e\001\110\000o\000v\000\375\000\040\000p\000r\000i\000e\001\015\000i\000n\000o\000k\000\040\000p\000r\000o\000j\000e\000k\000t\000u}{section.4.2}% 34
\BOOKMARK [2][-]{subsection.4.2.2}{\376\377\000A\000u\000t\000h}{section.4.2}% 35
\BOOKMARK [2][-]{subsection.4.2.3}{\376\377\000B\000a\000c\000k\000g\000r\000o\000u\000n\000d\000S\000e\000r\000v\000i\000c\000e\000s}{section.4.2}% 36
\BOOKMARK [2][-]{subsection.4.2.4}{\376\377\000C\000o\000m\000p\000o\000n\000e\000n\000t\000s}{section.4.2}% 37
\BOOKMARK [2][-]{subsection.4.2.5}{\376\377\000C\000s\000s\000P\000r\000o\000v\000i\000d\000e\000r\000s}{section.4.2}% 38
\BOOKMARK [2][-]{subsection.4.2.6}{\376\377\000P\000a\000g\000e\000s}{section.4.2}% 39
\BOOKMARK [2][-]{subsection.4.2.7}{\376\377\000R\000e\000s\000o\000u\000r\000c\000e\000s}{section.4.2}% 40
\BOOKMARK [2][-]{subsection.4.2.8}{\376\377\000S\000h\000a\000r\000e\000d}{section.4.2}% 41
\BOOKMARK [0][-]{chapter.5}{\376\377\000U\001\176\000\355\000v\000a\000t\000e\001\076\000s\000k\000\341\000\040\000d\000o\000k\000u\000m\000e\000n\000t\000\341\000c\000i\000a}{}% 42
\BOOKMARK [0][-]{chapter*.2}{\376\377\000Z\000\341\000v\000e\000r}{}% 43
\BOOKMARK [1][-]{section.5.1}{\376\377\000G\000D\000P\000R}{chapter*.2}% 44
\BOOKMARK [1][-]{section.5.2}{\376\377\000M\000o\001\176\000n\000\351\000\040\000v\000y\000l\000e\000p\001\141\000e\000n\000i\000a}{chapter*.2}% 45
\BOOKMARK [0][-]{appendix.A}{\376\377\000P\000r\000\355\000l\000o\000h\000y}{}% 46
\BOOKMARK [1][-]{section.A.1}{\376\377\000I\000m\000p\000l\000e\000m\000e\000n\000t\000\341\000c\000i\000a}{appendix.A}% 47
\BOOKMARK [1][-]{section.A.2}{\376\377\000V\000i\000d\000e\000o\000n\000\341\000v\000o\000d}{appendix.A}% 48
